Fri Dec 01 2017 17:18:54 GMT-0600 (CST): GET /
Fri Dec 01 2017 18:17:06 GMT-0600 (CST): GET /
Fri Dec 01 2017 18:17:10 GMT-0600 (CST): GET /signin
Fri Dec 01 2017 18:17:22 GMT-0600 (CST): GET /signup
Fri Dec 01 2017 18:17:34 GMT-0600 (CST): GET /signup
Fri Dec 01 2017 18:17:40 GMT-0600 (CST): POST /signup
Fri Dec 01 2017 18:17:41 GMT-0600 (CST): POST /signup
Fri Dec 01 2017 18:28:58 GMT-0600 (CST): POST /signup
Fri Dec 01 2017 18:29:03 GMT-0600 (CST): GET /signup
Fri Dec 01 2017 18:29:04 GMT-0600 (CST): GET /signup
Fri Dec 01 2017 18:29:05 GMT-0600 (CST): GET /signup
Fri Dec 01 2017 18:30:55 GMT-0600 (CST): GET /signup
Fri Dec 01 2017 18:30:56 GMT-0600 (CST): GET /signup
Fri Dec 01 2017 18:45:35 GMT-0600 (CST): GET /signup
Fri Dec 01 2017 18:46:45 GMT-0600 (CST): GET /signup
Fri Dec 01 2017 18:46:51 GMT-0600 (CST): GET /signup
Fri Dec 01 2017 18:52:44 GMT-0600 (CST): GET /signup
Fri Dec 01 2017 18:52:45 GMT-0600 (CST): GET /signup
Fri Dec 01 2017 18:53:23 GMT-0600 (CST): GET /signup
Fri Dec 01 2017 18:53:41 GMT-0600 (CST): GET /signup
Fri Dec 01 2017 18:54:23 GMT-0600 (CST): GET /signup
Fri Dec 01 2017 18:54:54 GMT-0600 (CST): GET /signup
Fri Dec 01 2017 18:55:59 GMT-0600 (CST): GET /signup
Fri Dec 01 2017 18:56:00 GMT-0600 (CST): GET /signup
Fri Dec 01 2017 18:58:49 GMT-0600 (CST): POST /signup
Fri Dec 01 2017 18:59:13 GMT-0600 (CST): POST /signup
Fri Dec 01 2017 19:01:16 GMT-0600 (CST): POST /signup
Fri Dec 01 2017 19:02:00 GMT-0600 (CST): POST /signup
Fri Dec 01 2017 19:02:04 GMT-0600 (CST): POST /signup
Fri Dec 01 2017 19:02:47 GMT-0600 (CST): POST /signup
Fri Dec 01 2017 19:02:54 GMT-0600 (CST): POST /signup
Fri Dec 01 2017 19:05:10 GMT-0600 (CST): POST /signup
Fri Dec 01 2017 19:05:13 GMT-0600 (CST): POST /signup
Fri Dec 01 2017 19:05:21 GMT-0600 (CST): POST /signup
Fri Dec 01 2017 19:05:31 GMT-0600 (CST): POST /signup
Fri Dec 01 2017 19:05:33 GMT-0600 (CST): POST /signup
Fri Dec 01 2017 19:05:34 GMT-0600 (CST): POST /signup
Fri Dec 01 2017 19:05:35 GMT-0600 (CST): POST /signup
Fri Dec 01 2017 19:07:44 GMT-0600 (CST): POST /signup
Fri Dec 01 2017 19:07:45 GMT-0600 (CST): POST /signup
Fri Dec 01 2017 19:17:30 GMT-0600 (CST): POST /signup
Fri Dec 01 2017 19:17:31 GMT-0600 (CST): POST /signup
Fri Dec 01 2017 19:17:32 GMT-0600 (CST): POST /signup
Fri Dec 01 2017 19:17:32 GMT-0600 (CST): POST /signup
Fri Dec 01 2017 19:18:42 GMT-0600 (CST): POST /signup
Fri Dec 01 2017 19:19:33 GMT-0600 (CST): POST /signup
Fri Dec 01 2017 19:20:03 GMT-0600 (CST): POST /signup
Fri Dec 01 2017 19:20:15 GMT-0600 (CST): POST /signup
Fri Dec 01 2017 19:20:15 GMT-0600 (CST): POST /signup
Fri Dec 01 2017 19:20:26 GMT-0600 (CST): POST /signup
Fri Dec 01 2017 19:20:52 GMT-0600 (CST): POST /signup
Fri Dec 01 2017 19:21:08 GMT-0600 (CST): POST /signup
Fri Dec 01 2017 19:21:13 GMT-0600 (CST): POST /signup
Fri Dec 01 2017 19:29:11 GMT-0600 (CST): POST /signup
Fri Dec 01 2017 19:29:17 GMT-0600 (CST): POST /signup
Fri Dec 01 2017 19:30:03 GMT-0600 (CST): POST /signup
Fri Dec 01 2017 19:30:07 GMT-0600 (CST): POST /signup
Fri Dec 01 2017 19:34:06 GMT-0600 (CST): POST /signup
Fri Dec 01 2017 19:34:10 GMT-0600 (CST): POST /signup
Fri Dec 01 2017 19:34:11 GMT-0600 (CST): POST /signup
Fri Dec 01 2017 19:34:15 GMT-0600 (CST): POST /signup
Fri Dec 01 2017 19:34:33 GMT-0600 (CST): POST /signup
Fri Dec 01 2017 20:00:27 GMT-0600 (CST): POST /signup
Fri Dec 01 2017 20:00:31 GMT-0600 (CST): POST /signup
Fri Dec 01 2017 20:03:05 GMT-0600 (CST): POST /signup
Fri Dec 01 2017 20:03:09 GMT-0600 (CST): POST /signup
Fri Dec 01 2017 20:03:10 GMT-0600 (CST): POST /signup
Fri Dec 01 2017 20:03:38 GMT-0600 (CST): POST /signup
Fri Dec 01 2017 20:03:44 GMT-0600 (CST): POST /signup
Fri Dec 01 2017 20:04:12 GMT-0600 (CST): POST /signup
Fri Dec 01 2017 20:04:17 GMT-0600 (CST): POST /signup
Fri Dec 01 2017 20:04:46 GMT-0600 (CST): POST /signup
Fri Dec 01 2017 20:07:03 GMT-0600 (CST): POST /signup
Fri Dec 01 2017 20:07:09 GMT-0600 (CST): POST /signup
Fri Dec 01 2017 20:07:37 GMT-0600 (CST): POST /signup
Fri Dec 01 2017 20:09:58 GMT-0600 (CST): POST /signup
Fri Dec 01 2017 20:10:07 GMT-0600 (CST): POST /signup
Fri Dec 01 2017 20:10:13 GMT-0600 (CST): POST /signup
Fri Dec 01 2017 20:11:33 GMT-0600 (CST): POST /signup
Fri Dec 01 2017 20:11:51 GMT-0600 (CST): POST /signup
Fri Dec 01 2017 20:11:57 GMT-0600 (CST): POST /signup
Fri Dec 01 2017 20:12:20 GMT-0600 (CST): POST /signup
Fri Dec 01 2017 20:13:26 GMT-0600 (CST): POST /signup
Fri Dec 01 2017 20:13:31 GMT-0600 (CST): POST /signup
Fri Dec 01 2017 20:14:11 GMT-0600 (CST): POST /signup
Fri Dec 01 2017 20:42:31 GMT-0600 (CST): POST /signup
Fri Dec 01 2017 20:42:39 GMT-0600 (CST): POST /signup
Fri Dec 01 2017 20:42:55 GMT-0600 (CST): POST /signin
Fri Dec 01 2017 20:42:56 GMT-0600 (CST): POST /signin
Fri Dec 01 2017 20:43:24 GMT-0600 (CST): POST /signin
Fri Dec 01 2017 20:43:25 GMT-0600 (CST): POST /signin
Fri Dec 01 2017 20:43:55 GMT-0600 (CST): POST /signin
Fri Dec 01 2017 20:43:56 GMT-0600 (CST): POST /signin
Fri Dec 01 2017 20:44:12 GMT-0600 (CST): POST /signin
Fri Dec 01 2017 20:44:22 GMT-0600 (CST): POST /signin
Fri Dec 01 2017 20:44:45 GMT-0600 (CST): POST /signin
Fri Dec 01 2017 20:45:33 GMT-0600 (CST): POST /signin
Fri Dec 01 2017 20:45:58 GMT-0600 (CST): POST /signin
Fri Dec 01 2017 20:46:17 GMT-0600 (CST): POST /signin
Fri Dec 01 2017 20:47:05 GMT-0600 (CST): POST /signin
Fri Dec 01 2017 20:47:06 GMT-0600 (CST): POST /signin
Fri Dec 01 2017 20:47:29 GMT-0600 (CST): POST /signin
Fri Dec 01 2017 20:47:44 GMT-0600 (CST): POST /signin
Fri Dec 01 2017 20:47:55 GMT-0600 (CST): POST /signin
Fri Dec 01 2017 20:48:04 GMT-0600 (CST): POST /signin
Fri Dec 01 2017 20:48:18 GMT-0600 (CST): POST /signin
Fri Dec 01 2017 20:48:30 GMT-0600 (CST): POST /signin
Fri Dec 01 2017 20:49:07 GMT-0600 (CST): POST /signin
Fri Dec 01 2017 20:49:15 GMT-0600 (CST): POST /signin
Fri Dec 01 2017 20:49:22 GMT-0600 (CST): POST /signin
Fri Dec 01 2017 20:49:27 GMT-0600 (CST): POST /signin
Fri Dec 01 2017 20:49:31 GMT-0600 (CST): POST /signin
Fri Dec 01 2017 20:49:32 GMT-0600 (CST): POST /signin
Fri Dec 01 2017 20:49:45 GMT-0600 (CST): POST /signin
Fri Dec 01 2017 20:49:58 GMT-0600 (CST): POST /signup
Fri Dec 01 2017 20:50:02 GMT-0600 (CST): POST /signin
Fri Dec 01 2017 20:50:28 GMT-0600 (CST): POST /signin
Fri Dec 01 2017 20:50:29 GMT-0600 (CST): POST /signin
Fri Dec 01 2017 20:50:30 GMT-0600 (CST): POST /signin
Fri Dec 01 2017 20:50:52 GMT-0600 (CST): POST /signin
Fri Dec 01 2017 20:50:53 GMT-0600 (CST): POST /signin
Fri Dec 01 2017 20:50:54 GMT-0600 (CST): POST /signin
Fri Dec 01 2017 20:50:55 GMT-0600 (CST): POST /signin
Fri Dec 01 2017 20:52:36 GMT-0600 (CST): POST /
Fri Dec 01 2017 20:52:38 GMT-0600 (CST): GET /
Fri Dec 01 2017 20:53:22 GMT-0600 (CST): GET /
Fri Dec 01 2017 20:53:31 GMT-0600 (CST): GET /
Fri Dec 01 2017 20:53:39 GMT-0600 (CST): GET /
Fri Dec 01 2017 20:53:40 GMT-0600 (CST): GET /
Fri Dec 01 2017 20:53:53 GMT-0600 (CST): POST /signin
Fri Dec 01 2017 20:54:03 GMT-0600 (CST): GET /
Fri Dec 01 2017 20:54:21 GMT-0600 (CST): GET /
Fri Dec 01 2017 20:54:21 GMT-0600 (CST): GET /
Fri Dec 01 2017 20:54:25 GMT-0600 (CST): GET /
Fri Dec 01 2017 20:54:34 GMT-0600 (CST): GET /
Fri Dec 01 2017 20:54:35 GMT-0600 (CST): GET /
Fri Dec 01 2017 20:54:39 GMT-0600 (CST): GET /
Fri Dec 01 2017 20:54:43 GMT-0600 (CST): GET /
Fri Dec 01 2017 20:54:44 GMT-0600 (CST): GET /
Fri Dec 01 2017 20:54:47 GMT-0600 (CST): GET /
Fri Dec 01 2017 20:57:39 GMT-0600 (CST): GET /
Fri Dec 01 2017 20:57:40 GMT-0600 (CST): GET /
Fri Dec 01 2017 20:57:44 GMT-0600 (CST): GET /
Fri Dec 01 2017 20:57:48 GMT-0600 (CST): GET /
Fri Dec 01 2017 20:57:53 GMT-0600 (CST): GET /
Fri Dec 01 2017 20:57:56 GMT-0600 (CST): GET /
Fri Dec 01 2017 20:58:45 GMT-0600 (CST): POST /
Fri Dec 01 2017 20:58:54 GMT-0600 (CST): POST /signin
Fri Dec 01 2017 20:58:56 GMT-0600 (CST): POST /signin
Fri Dec 01 2017 20:59:03 GMT-0600 (CST): POST /
Fri Dec 01 2017 20:59:08 GMT-0600 (CST): GET /
Fri Dec 01 2017 20:59:09 GMT-0600 (CST): GET /
Fri Dec 01 2017 20:59:10 GMT-0600 (CST): GET /
Fri Dec 01 2017 20:59:12 GMT-0600 (CST): GET /
Fri Dec 01 2017 21:00:08 GMT-0600 (CST): GET /
Fri Dec 01 2017 21:00:09 GMT-0600 (CST): GET /
Fri Dec 01 2017 21:00:10 GMT-0600 (CST): GET /
Fri Dec 01 2017 21:00:12 GMT-0600 (CST): GET /
Fri Dec 01 2017 21:00:14 GMT-0600 (CST): GET /
